[09-Sep-2020 08:08:22 Europe/Berlin] 4 Domain file "./lang/C/LC_MESSAGES/C.po" not found.
[09-Sep-2020 08:08:22 Europe/Berlin] 0::login.php:107:[before upgrade] count(): Parameter must be an array or an object that implements Countable
[09-Sep-2020 08:15:38 Europe/Berlin] 4 Domain file "./lang/C/LC_MESSAGES/C.po" not found.
[09-Sep-2020 08:16:05 Europe/Berlin] 4 Domain file "./lang/C/LC_MESSAGES/C.po" not found.
[09-Sep-2020 08:16:05 Europe/Berlin] 4 Domain file "./lang/C/LC_MESSAGES/C.po" not found.
[09-Sep-2020 08:16:05 Europe/Berlin] 4 Domain file "./lang/C/LC_MESSAGES/C.po" not found.
[09-Sep-2020 08:16:05 Europe/Berlin] 4 Domain file "./lang/C/LC_MESSAGES/C.po" not found.
[09-Sep-2020 08:16:17 Europe/Berlin] 4 Domain file "./lang/C/LC_MESSAGES/C.po" not found.
[09-Sep-2020 08:16:20 Europe/Berlin] 4 Domain file "./lang/C/LC_MESSAGES/C.po" not found.
[09-Sep-2020 08:16:20 Europe/Berlin] 4 Domain file "./lang/C/LC_MESSAGES/C.po" not found.
[09-Sep-2020 08:16:20 Europe/Berlin] 4 Domain file "./lang/C/LC_MESSAGES/C.po" not found.
[09-Sep-2020 08:16:20 Europe/Berlin] 4 Domain file "./lang/C/LC_MESSAGES/C.po" not found.
[09-Sep-2020 08:16:23 Europe/Berlin] 4 Domain file "../../lang/C/LC_MESSAGES/C.po" not found.
[09-Sep-2020 08:16:23 Europe/Berlin] 4 Domain file "../../lang/C/LC_MESSAGES/C.po" not found.
[09-Sep-2020 08:16:26 Europe/Berlin] 4 Domain file "./lang/C/LC_MESSAGES/C.po" not found.
[09-Sep-2020 08:16:26 Europe/Berlin] 4 Domain file "./lang/C/LC_MESSAGES/C.po" not found.
[09-Sep-2020 08:16:28 Europe/Berlin] 4 Domain file "./lang/C/LC_MESSAGES/C.po" not found.
[09-Sep-2020 08:16:28 Europe/Berlin] 4 Domain file "./lang/C/LC_MESSAGES/C.po" not found.
[09-Sep-2020 08:16:29 Europe/Berlin] 4 Domain file "./lang/C/LC_MESSAGES/C.po" not found.
[09-Sep-2020 08:16:29 Europe/Berlin] 4 Domain file "./lang/C/LC_MESSAGES/C.po" not found.
[09-Sep-2020 08:16:30 Europe/Berlin] 4 Domain file "./lang/C/LC_MESSAGES/C.po" not found.
[09-Sep-2020 08:16:30 Europe/Berlin] 4 Domain file "./lang/C/LC_MESSAGES/C.po" not found.
[09-Sep-2020 08:16:31 Europe/Berlin] 4 Domain file "./lang/C/LC_MESSAGES/C.po" not found.
[09-Sep-2020 08:16:31 Europe/Berlin] 4 Domain file "./lang/C/LC_MESSAGES/C.po" not found.
[09-Sep-2020 08:16:32 Europe/Berlin] 4 Domain file "./lang/C/LC_MESSAGES/C.po" not found.
[09-Sep-2020 08:16:32 Europe/Berlin] 4 Domain file "./lang/C/LC_MESSAGES/C.po" not found.
[09-Sep-2020 08:16:34 Europe/Berlin] 4 Domain file "./lang/C/LC_MESSAGES/C.po" not found.
[09-Sep-2020 08:16:34 Europe/Berlin] 4 Domain file "./lang/C/LC_MESSAGES/C.po" not found.
[09-Sep-2020 08:16:37 Europe/Berlin] 4 Domain file "./lang/C/LC_MESSAGES/C.po" not found.
[09-Sep-2020 08:19:42 Europe/Berlin] 4 Domain file "./lang/C/LC_MESSAGES/C.po" not found.
[09-Sep-2020 08:19:44 Europe/Berlin] 4 Domain file "./lang/C/LC_MESSAGES/C.po" not found.
[09-Sep-2020 08:19:44 Europe/Berlin] 4 Domain file "./lang/C/LC_MESSAGES/C.po" not found.
[09-Sep-2020 08:19:44 Europe/Berlin] 4 Domain file "./lang/C/LC_MESSAGES/C.po" not found.
[09-Sep-2020 08:19:44 Europe/Berlin] 4 Domain file "./lang/C/LC_MESSAGES/C.po" not found.
[09-Sep-2020 08:19:51 Europe/Berlin] 4 Domain file "./lang/C/LC_MESSAGES/C.po" not found.
[09-Sep-2020 08:20:45 Europe/Berlin] 4 Domain file "./lang/C/LC_MESSAGES/C.po" not found.
[09-Sep-2020 08:20:45 Europe/Berlin] 4 Domain file "./lang/C/LC_MESSAGES/C.po" not found.
[09-Sep-2020 08:20:45 Europe/Berlin] 4 Domain file "./lang/C/LC_MESSAGES/C.po" not found.
[09-Sep-2020 08:20:45 Europe/Berlin] 4 Domain file "./lang/C/LC_MESSAGES/C.po" not found.
[09-Sep-2020 08:21:42 Europe/Berlin] 4 Domain file "./lang/C/LC_MESSAGES/C.po" not found.
[09-Sep-2020 08:22:44 Europe/Berlin] 4 Domain file "../lang/C/LC_MESSAGES/C.po" not found.
[09-Sep-2020 08:22:44 Europe/Berlin] 4 Domain file "../lang/C/LC_MESSAGES/C.po" not found.
[09-Sep-2020 08:22:52 Europe/Berlin] 4 Domain file "../lang/C/LC_MESSAGES/C.po" not found.
[09-Sep-2020 08:22:52 Europe/Berlin] 4 Domain file "../lang/C/LC_MESSAGES/C.po" not found.
[09-Sep-2020 08:22:58 Europe/Berlin] 4 Domain file "../../lang/C/LC_MESSAGES/C.po" not found.
[09-Sep-2020 08:22:58 Europe/Berlin] 4 Domain file "../../lang/C/LC_MESSAGES/C.po" not found.
[09-Sep-2020 08:25:09 Europe/Berlin] 4 Domain file "./lang/C/LC_MESSAGES/C.po" not found.
[09-Sep-2020 08:25:20 Europe/Berlin] 4 Domain file "./lang/C/LC_MESSAGES/C.po" not found.
[09-Sep-2020 08:25:20 Europe/Berlin] 4 Domain file "./lang/C/LC_MESSAGES/C.po" not found.
[09-Sep-2020 08:25:20 Europe/Berlin] 4 Domain file "./lang/C/LC_MESSAGES/C.po" not found.
[09-Sep-2020 08:25:20 Europe/Berlin] 4 Domain file "./lang/C/LC_MESSAGES/C.po" not found.
[09-Sep-2020 08:25:32 Europe/Berlin] 4 Domain file "./lang/C/LC_MESSAGES/C.po" not found.
[09-Sep-2020 08:25:35 Europe/Berlin] 4 Domain file "./lang/C/LC_MESSAGES/C.po" not found.
[09-Sep-2020 08:25:39 Europe/Berlin] 4 Domain file "./lang/C/LC_MESSAGES/C.po" not found.
[09-Sep-2020 08:25:41 Europe/Berlin] 4 Domain file "./lang/C/LC_MESSAGES/C.po" not found.
[09-Sep-2020 08:25:46 Europe/Berlin] 4 Domain file "./lang/C/LC_MESSAGES/C.po" not found.
[09-Sep-2020 08:25:48 Europe/Berlin] 4 Domain file "./lang/C/LC_MESSAGES/C.po" not found.
[09-Sep-2020 08:35:49 Europe/Berlin] 4 Domain file "./lang/C/LC_MESSAGES/C.po" not found.
[09-Sep-2020 08:35:55 Europe/Berlin] 4 Domain file "./lang/C/LC_MESSAGES/C.po" not found.
[09-Sep-2020 08:35:55 Europe/Berlin] 4 Domain file "./lang/C/LC_MESSAGES/C.po" not found.
[09-Sep-2020 08:35:55 Europe/Berlin] 4 Domain file "./lang/C/LC_MESSAGES/C.po" not found.
[09-Sep-2020 08:35:55 Europe/Berlin] 4 Domain file "./lang/C/LC_MESSAGES/C.po" not found.
[09-Sep-2020 08:36:00 Europe/Berlin] 4 Domain file "../lang/C/LC_MESSAGES/C.po" not found.
[09-Sep-2020 08:36:12 Europe/Berlin] 4 Domain file "../lang/C/LC_MESSAGES/C.po" not found.
[09-Sep-2020 08:36:15 Europe/Berlin] 4 Domain file "../lang/C/LC_MESSAGES/C.po" not found.
[09-Sep-2020 08:36:22 Europe/Berlin] 4 Domain file "../lang/C/LC_MESSAGES/C.po" not found.
[09-Sep-2020 08:36:22 Europe/Berlin] 4 Domain file "../lang/C/LC_MESSAGES/C.po" not found.
[09-Sep-2020 08:36:22 Europe/Berlin] 4 Domain file "../lang/C/LC_MESSAGES/C.po" not found.
[09-Sep-2020 08:36:22 Europe/Berlin] 4 Domain file "../lang/C/LC_MESSAGES/C.po" not found.
[09-Sep-2020 08:36:41 Europe/Berlin] 4 Domain file "../lang/C/LC_MESSAGES/C.po" not found.
[09-Sep-2020 08:36:41 Europe/Berlin] 4 Domain file "../lang/C/LC_MESSAGES/C.po" not found.
[09-Sep-2020 08:36:41 Europe/Berlin] 4 Domain file "../lang/C/LC_MESSAGES/C.po" not found.
[09-Sep-2020 08:36:41 Europe/Berlin] 4 Domain file "../lang/C/LC_MESSAGES/C.po" not found.
[09-Sep-2020 08:37:53 Europe/Berlin] 4 Domain file "./lang/C/LC_MESSAGES/C.po" not found.
[09-Sep-2020 08:38:08 Europe/Berlin] 4 Domain file "./lang/C/LC_MESSAGES/C.po" not found.
[09-Sep-2020 08:38:18 Europe/Berlin] 4 Domain file "./lang/C/LC_MESSAGES/C.po" not found.
[09-Sep-2020 10:14:07 Europe/Berlin] 4 Domain file "../lang/C/LC_MESSAGES/C.po" not found.
[09-Sep-2020 10:14:07 Europe/Berlin] 0:admin:header.inc:157: include_once(../themes/bluecollar_wizag/renderer.php): failed to open stream: No such file or directory
[09-Sep-2020 10:14:07 Europe/Berlin] 0:admin:header.inc:157: include_once(): Failed opening '../themes/bluecollar_wizag/renderer.php' for inclusion (include_path='.;C:/laragon/etc/php/pear')
[09-Sep-2020 10:14:07 Europe/Berlin] 0:admin:header.inc:158: Unhandled exception [0]: Class 'renderer' not found.
[09-Sep-2020 10:14:07 Europe/Berlin] 0:admin:footer.inc:19: include_once(../themes/bluecollar_wizag/renderer.php): failed to open stream: No such file or directory
[09-Sep-2020 10:14:07 Europe/Berlin] 0:admin:footer.inc:19: include_once(): Failed opening '../themes/bluecollar_wizag/renderer.php' for inclusion (include_path='.;C:/laragon/etc/php/pear')
[09-Sep-2020 10:14:10 Europe/Berlin] 4 Domain file "./lang/C/LC_MESSAGES/C.po" not found.
[09-Sep-2020 10:14:10 Europe/Berlin] 0:admin:frontaccounting.php:57: include_once(./themes/bluecollar_wizag/renderer.php): failed to open stream: No such file or directory
[09-Sep-2020 10:14:10 Europe/Berlin] 0:admin:frontaccounting.php:57: include_once(): Failed opening './themes/bluecollar_wizag/renderer.php' for inclusion (include_path='.;C:/laragon/etc/php/pear')
[09-Sep-2020 10:14:10 Europe/Berlin] 0:admin:frontaccounting.php:60: Unhandled exception [0]: Class 'renderer' not found.
[09-Sep-2020 10:14:10 Europe/Berlin] 0:admin:footer.inc:19: include_once(./themes/bluecollar_wizag/renderer.php): failed to open stream: No such file or directory
[09-Sep-2020 10:14:10 Europe/Berlin] 0:admin:footer.inc:19: include_once(): Failed opening './themes/bluecollar_wizag/renderer.php' for inclusion (include_path='.;C:/laragon/etc/php/pear')
[09-Sep-2020 10:14:12 Europe/Berlin] 4 Domain file "../lang/C/LC_MESSAGES/C.po" not found.
[09-Sep-2020 10:14:12 Europe/Berlin] 0:admin:header.inc:157: include_once(../themes/bluecollar_wizag/renderer.php): failed to open stream: No such file or directory
[09-Sep-2020 10:14:12 Europe/Berlin] 0:admin:header.inc:157: include_once(): Failed opening '../themes/bluecollar_wizag/renderer.php' for inclusion (include_path='.;C:/laragon/etc/php/pear')
[09-Sep-2020 10:14:12 Europe/Berlin] 0:admin:header.inc:158: Unhandled exception [0]: Class 'renderer' not found.
[09-Sep-2020 10:14:12 Europe/Berlin] 0:admin:footer.inc:19: include_once(../themes/bluecollar_wizag/renderer.php): failed to open stream: No such file or directory
[09-Sep-2020 10:14:12 Europe/Berlin] 0:admin:footer.inc:19: include_once(): Failed opening '../themes/bluecollar_wizag/renderer.php' for inclusion (include_path='.;C:/laragon/etc/php/pear')
[09-Sep-2020 10:14:16 Europe/Berlin] 4 Domain file "./lang/C/LC_MESSAGES/C.po" not found.
[09-Sep-2020 10:14:16 Europe/Berlin] 0:admin:frontaccounting.php:57: include_once(./themes/bluecollar_wizag/renderer.php): failed to open stream: No such file or directory
[09-Sep-2020 10:14:16 Europe/Berlin] 0:admin:frontaccounting.php:57: include_once(): Failed opening './themes/bluecollar_wizag/renderer.php' for inclusion (include_path='.;C:/laragon/etc/php/pear')
[09-Sep-2020 10:14:16 Europe/Berlin] 0:admin:frontaccounting.php:60: Unhandled exception [0]: Class 'renderer' not found.
[09-Sep-2020 10:14:16 Europe/Berlin] 0:admin:footer.inc:19: include_once(./themes/bluecollar_wizag/renderer.php): failed to open stream: No such file or directory
[09-Sep-2020 10:14:16 Europe/Berlin] 0:admin:footer.inc:19: include_once(): Failed opening './themes/bluecollar_wizag/renderer.php' for inclusion (include_path='.;C:/laragon/etc/php/pear')
[09-Sep-2020 10:14:26 Europe/Berlin] 4 Domain file "./lang/C/LC_MESSAGES/C.po" not found.
[09-Sep-2020 10:14:26 Europe/Berlin] 0:admin:frontaccounting.php:57: include_once(./themes/bluecollar_wizag/renderer.php): failed to open stream: No such file or directory
[09-Sep-2020 10:14:26 Europe/Berlin] 0:admin:frontaccounting.php:57: include_once(): Failed opening './themes/bluecollar_wizag/renderer.php' for inclusion (include_path='.;C:/laragon/etc/php/pear')
[09-Sep-2020 10:14:26 Europe/Berlin] 0:admin:frontaccounting.php:60: Unhandled exception [0]: Class 'renderer' not found.
[09-Sep-2020 10:14:26 Europe/Berlin] 0:admin:footer.inc:19: include_once(./themes/bluecollar_wizag/renderer.php): failed to open stream: No such file or directory
[09-Sep-2020 10:14:26 Europe/Berlin] 0:admin:footer.inc:19: include_once(): Failed opening './themes/bluecollar_wizag/renderer.php' for inclusion (include_path='.;C:/laragon/etc/php/pear')
[09-Sep-2020 10:14:32 Europe/Berlin] 4 Domain file "./lang/C/LC_MESSAGES/C.po" not found.
[09-Sep-2020 10:14:32 Europe/Berlin] 0:admin:frontaccounting.php:57: include_once(./themes/bluecollar_wizag/renderer.php): failed to open stream: No such file or directory
[09-Sep-2020 10:14:32 Europe/Berlin] 0:admin:frontaccounting.php:57: include_once(): Failed opening './themes/bluecollar_wizag/renderer.php' for inclusion (include_path='.;C:/laragon/etc/php/pear')
[09-Sep-2020 10:14:32 Europe/Berlin] 0:admin:frontaccounting.php:60: Unhandled exception [0]: Class 'renderer' not found.
[09-Sep-2020 10:14:32 Europe/Berlin] 0:admin:footer.inc:19: include_once(./themes/bluecollar_wizag/renderer.php): failed to open stream: No such file or directory
[09-Sep-2020 10:14:32 Europe/Berlin] 0:admin:footer.inc:19: include_once(): Failed opening './themes/bluecollar_wizag/renderer.php' for inclusion (include_path='.;C:/laragon/etc/php/pear')
